<?xml version="1.0" encoding="UTF-8"?>
<testsuite name="controllers.PlatformAPITest$DeletePlatforms" tests="1" skipped="0" failures="0" errors="0" timestamp="2022-12-05T20:40:03" hostname="MSI" time="0.026">
  <properties/>
  <testcase name="deleting a platform that exists delete and returns deleted object()" classname="controllers.PlatformAPITest$DeletePlatforms" time="0.026"/>
  <system-out><![CDATA[]]></system-out>
  <system-err><![CDATA[]]></system-err>
</testsuite>
